Step: build-step-credential-initializer:

{"level":"warn","ts":1549911816.9434743,"logger":"fallback-logger","caller":"logging/config.go:65","msg":"Fetch GitHub commit ID from kodata failed: \"ref: refs/heads/test\" is not a valid GitHub commit ID"}
{"level":"info","ts":1549911816.943895,"logger":"fallback-logger","caller":"creds-init/main.go:40","msg":"Credentials initialized."}
Step: build-step-git-source-0:

{"level":"warn","ts":1549911819.520039,"logger":"fallback-logger","caller":"logging/config.go:65","msg":"Fetch GitHub commit ID from kodata failed: \"ref: refs/heads/test\" is not a valid GitHub commit ID"}
{"level":"info","ts":1549911819.7730699,"logger":"fallback-logger","caller":"git-init/main.go:92","msg":"Successfully cloned \"https://github.com/jenkinsxworkshop/go-blackpanther.git\" @ \"master\" in path \"/workspace\""}
Step: build-step-jenkins:

Picked up _JAVA_OPTIONS: -Xmx400m
Started
Running in Durability level: PERFORMANCE_OPTIMIZED
  45.366 [id=19]	WARNING	i.f.k.c.i.VersionUsageUtils#alert: The client is using resource type 'customresourcedefinitions' with unstable version 'v1beta1'
[Pipeline] node
Running on Jenkins in /tmp/jenkinsTests.tmp/jenkins5782902073963822test/workspace/job
[Pipeline] {
[Pipeline] stage
[Pipeline] { (Declarative: Checkout SCM)
[Pipeline] checkout
[Pipeline] }
[Pipeline] // stage
[Pipeline] withCredentials
[Pipeline] {
[Pipeline] withEnv
[Pipeline] {
[Pipeline] stage
[Pipeline] { (CI Build and push snapshot)
Stage "CI Build and push snapshot" skipped due to when conditional
[Pipeline] }
[Pipeline] // stage
[Pipeline] stage
[Pipeline] { (Build Release)
[Pipeline] dir
Running in /home/jenkins/go/src/github.com/jenkinsxworkshop/go-blackpanther
[Pipeline] {
[Pipeline] git
Cloning the remote Git repository
Cloning repository https://github.com/jenkinsxworkshop/go-blackpanther.git
 > git init /home/jenkins/go/src/github.com/jenkinsxworkshop/go-blackpanther # timeout=10
Fetching upstream changes from https://github.com/jenkinsxworkshop/go-blackpanther.git
 > git --version # timeout=10
 > git fetch --tags --progress https://github.com/jenkinsxworkshop/go-blackpanther.git +refs/heads/*:refs/remotes/origin/*
 > git config remote.origin.url https://github.com/jenkinsxworkshop/go-blackpanther.git # timeout=10
 > git config --add remote.origin.fetch +refs/heads/*:refs/remotes/origin/* # timeout=10
 > git config remote.origin.url https://github.com/jenkinsxworkshop/go-blackpanther.git # timeout=10
Fetching upstream changes from https://github.com/jenkinsxworkshop/go-blackpanther.git
 > git fetch --tags --progress https://github.com/jenkinsxworkshop/go-blackpanther.git +refs/heads/*:refs/remotes/origin/*
 > git rev-parse refs/remotes/origin/master^{commit} # timeout=10
 > git rev-parse refs/remotes/origin/origin/master^{commit} # timeout=10
Checking out Revision 2ea9ecefc3b19b6b14ba19f1bd1a3078e5209a04 (refs/remotes/origin/master)
 > git config core.sparsecheckout # timeout=10
 > git checkout -f 2ea9ecefc3b19b6b14ba19f1bd1a3078e5209a04
 > git branch -a -v --no-abbrev # timeout=10
 > git checkout -b master 2ea9ecefc3b19b6b14ba19f1bd1a3078e5209a04
Commit message: "Draft create"
First time build. Skipping changelog.
[Pipeline] sh
+ jx-release-version
+ echo 0.0.1
[Pipeline] sh
+ cat VERSION
+ jx step tag --version 0.0.1
Tag v0.0.1 created and pushed to remote origin
[Pipeline] sh
+ make build
CGO_ENABLED=0 GO15VENDOREXPERIMENT=1 go build -ldflags '' -o bin/go-blackpanther main.go
[Pipeline] sh
+ cat VERSION
+ export VERSION=0.0.1
+ skaffold build -f skaffold.yaml
time="2019-02-11T19:07:17Z" level=warning msg="config version (skaffold/v1beta2) out of date: upgrading to latest (skaffold/v1beta3)"
Starting build...
Building [changeme]...
Sending build context to Docker daemon  525.8kBSending build context to Docker daemon  6.502MB
Step 1/4 : FROM scratch
 ---> 
Step 2/4 : EXPOSE 8080
 ---> Using cache
 ---> 38e29babfeae
Step 3/4 : ENTRYPOINT /go-blackpanther
 ---> Using cache
 ---> c961f7925f14
Step 4/4 : COPY ./bin/ /
 ---> 1c450e75e3f0
Successfully built 1c450e75e3f0
The push refers to a repository [10.3.247.93:5000/jenkinsxworkshop/go-blackpanther]
afd6e27c262d: Preparing
afd6e27c262d: Pushed
0.0.1: digest: sha256:624910c335583fd1980e91b29711ba26ef583285411a022019d999b6e2b84aa1 size: 528
Build complete in 1.397818725s
Starting test...
Test complete in 4.944µs
changeme -> 10.3.247.93:5000/jenkinsxworkshop/go-blackpanther:0.0.1
There is a new version (0.22.0) of skaffold available. Download it at https://storage.googleapis.com/skaffold/releases/latest/skaffold-linux-amd64

[Pipeline] sh
+ cat VERSION
+ jx step post build --image 10.3.247.93:5000/jenkinsxworkshop/go-blackpanther:0.0.1
[Pipeline] }
[Pipeline] // dir
[Pipeline] }
[Pipeline] // stage
[Pipeline] stage
[Pipeline] { (Promote to Environments)
[Pipeline] dir
Running in /home/jenkins/go/src/github.com/jenkinsxworkshop/go-blackpanther/charts/go-blackpanther
[Pipeline] {
[Pipeline] sh
+ cat ../../VERSION
+ jx step changelog --version v0.0.1
Using batch mode as inside a pipeline
Generating change log from git ref 2ea9ecefc3b19b6b14ba19f1bd1a3078e5209a04 => ed8f4d9b2924fe9f441ab043b43d2804220040c6
Failed to enrich commits with issues: User.jenkins.io "" is invalid: metadata.name: Required value: name or generateName is required
Failed to enrich commits with issues: User.jenkins.io "" is invalid: metadata.name: Required value: name or generateName is required
Finding issues in commit messages using git format
No release found for jenkinsxworkshop/go-blackpanther and tag v0.0.1 so creating a new release
Updated the release information at https://github.com/jenkinsxworkshop/go-blackpanther/releases/tag/v0.0.1
generated: /home/jenkins/go/src/github.com/jenkinsxworkshop/go-blackpanther/charts/go-blackpanther/templates/release.yaml
Created Release go-blackpanther-0-0-1 resource in namespace jx
Updating PipelineActivity jenkinsxworkshop-go-blackpanther-master-1 with version 0.0.1
Updated PipelineActivities jenkinsxworkshop-go-blackpanther-master-1 with release notes URL: https://github.com/jenkinsxworkshop/go-blackpanther/releases/tag/v0.0.1
[Pipeline] sh
+ jx step helm release
No $CHART_REPOSITORY defined so using the default value of: http://jenkins-x-chartmuseum:8080
Adding missing Helm repo: jenkins-x http://chartmuseum.jenkins-x.io
Successfully added Helm repository jenkins-x.
Adding missing Helm repo: releases http://jenkins-x-chartmuseum:8080
Successfully added Helm repository releases.
No $CHART_REPOSITORY defined so using the default value of: http://jenkins-x-chartmuseum:8080
Uploading chart file go-blackpanther-0.0.1.tgz to http://jenkins-x-chartmuseum:8080/api/charts
Received 201 response: {"saved":true}
[Pipeline] sh
+ cat ../../VERSION
+ jx promote -b --all-auto --timeout 1h --version 0.0.1
prow based install so skip waiting for the merge of Pull Requests to go green as currently there is an issue with gettingstatuses from the PR, see https://github.com/jenkins-x/jx/issues/2410
Promoting app go-blackpanther version 0.0.1 to namespace jx-staging
Created Pull Request: https://github.com/jenkinsxworkshop/environment-rockies-staging/pull/1

Pull Request https://github.com/jenkinsxworkshop/environment-rockies-staging/pull/1 is merged at sha 22085639785b98a38dc6840487a4ef488292ca5a
Pull Request merged but we are not waiting for the update pipeline to complete!
Could not find the service URL in namespace jx-staging for names go-blackpanther, jx-go-blackpanther, jx-staging-go-blackpanther
[Pipeline] }
[Pipeline] // dir
[Pipeline] }
[Pipeline] // stage
[Pipeline] }
[Pipeline] // withEnv
[Pipeline] }
[Pipeline] // withCredentials
[Pipeline] }
[Pipeline] // node
[Pipeline] End of Pipeline
