Step: build-step-credential-initializer:

{"level":"warn","ts":1549913013.4039817,"logger":"fallback-logger","caller":"logging/config.go:65","msg":"Fetch GitHub commit ID from kodata failed: \"ref: refs/heads/test\" is not a valid GitHub commit ID"}
{"level":"info","ts":1549913013.404427,"logger":"fallback-logger","caller":"creds-init/main.go:40","msg":"Credentials initialized."}
Step: build-step-git-source-0:

{"level":"warn","ts":1549913014.8425786,"logger":"fallback-logger","caller":"logging/config.go:65","msg":"Fetch GitHub commit ID from kodata failed: \"ref: refs/heads/test\" is not a valid GitHub commit ID"}
{"level":"info","ts":1549913015.0373442,"logger":"fallback-logger","caller":"git-init/main.go:92","msg":"Successfully cloned \"https://github.com/jenkinsxworkshop/go-warriors.git\" @ \"8831441f04c79d84485368ff8e546bcecf842d62\" in path \"/workspace\""}
Step: build-step-jenkins:

Picked up _JAVA_OPTIONS: -Xmx400m
Started
Running in Durability level: PERFORMANCE_OPTIMIZED
  19.637 [id=34]	WARNING	i.f.k.c.i.VersionUsageUtils#alert: The client is using resource type 'customresourcedefinitions' with unstable version 'v1beta1'
[Pipeline] node
Running on Jenkins in /tmp/jenkinsTests.tmp/jenkins7454161423120352884test/workspace/job
[Pipeline] {
[Pipeline] stage
[Pipeline] { (Declarative: Checkout SCM)
[Pipeline] checkout
[Pipeline] }
[Pipeline] // stage
[Pipeline] withCredentials
[Pipeline] {
[Pipeline] withEnv
[Pipeline] {
[Pipeline] stage
[Pipeline] { (CI Build and push snapshot)
[Pipeline] withEnv
[Pipeline] {
[Pipeline] dir
Running in /home/jenkins/go/src/github.com/jenkinsxworkshop/go-warriors
[Pipeline] {
[Pipeline] checkout
[Pipeline] sh
+ make linux
CGO_ENABLED=0 GOOS=linux GOARCH=amd64 GO15VENDOREXPERIMENT=1 go build -ldflags '' -o bin/go-warriors main.go
[Pipeline] sh
+ export VERSION=0.0.0-SNAPSHOT-PR-1-1
+ skaffold build -f skaffold.yaml
time="2019-02-11T19:24:20Z" level=warning msg="config version (skaffold/v1beta2) out of date: upgrading to latest (skaffold/v1beta3)"
Starting build...
Building [changeme]...
Sending build context to Docker daemon  525.8kBSending build context to Docker daemon  6.502MB
Step 1/4 : FROM scratch
 ---> 
Step 2/4 : EXPOSE 8080
 ---> Using cache
 ---> 21d0c0d7a3a2
Step 3/4 : ENTRYPOINT /go-warriors
 ---> Running in 7262841537b1
 ---> f25debe8690e
Step 4/4 : COPY ./bin/ /
 ---> c870d53397e8
Successfully built c870d53397e8
The push refers to a repository [10.3.247.93:5000/jenkinsxworkshop/go-warriors]
63f09a435518: Preparing
63f09a435518: Pushed
0.0.0-SNAPSHOT-PR-1-1: digest: sha256:96a6f9800123ccec8d7db99f5b4e7cf120421635b65bb38448efcb82b77b4a18 size: 528
Build complete in 1.690262574s
Starting test...
Test complete in 5.405µs
changeme -> 10.3.247.93:5000/jenkinsxworkshop/go-warriors:0.0.0-SNAPSHOT-PR-1-1
There is a new version (0.22.0) of skaffold available. Download it at https://storage.googleapis.com/skaffold/releases/latest/skaffold-linux-amd64

[Pipeline] sh
+ jx step post build --image 10.3.247.93:5000/jenkinsxworkshop/go-warriors:0.0.0-SNAPSHOT-PR-1-1
[Pipeline] }
[Pipeline] // dir
[Pipeline] dir
Running in /home/jenkins/go/src/github.com/jenkinsxworkshop/go-warriors/charts/preview
[Pipeline] {
[Pipeline] sh
+ make preview
sed -i -e "s/version:.*/version: 0.0.0-SNAPSHOT-PR-1-1/" Chart.yaml
sed -i -e "s/version:.*/version: 0.0.0-SNAPSHOT-PR-1-1/" ../*/Chart.yaml
sed -i -e "s|repository:.*|repository: 10.3.247.93:5000\/jenkinsxworkshop\/go-warriors|" values.yaml
sed -i -e "s/tag:.*/tag: 0.0.0-SNAPSHOT-PR-1-1/" values.yaml
echo "  version: 0.0.0-SNAPSHOT-PR-1-1" >> requirements.yaml
jx step helm build
No $CHART_REPOSITORY defined so using the default value of: http://jenkins-x-chartmuseum:8080
Adding missing Helm repo: jenkins-x http://chartmuseum.jenkins-x.io
Successfully added Helm repository jenkins-x.
Adding missing Helm repo: releases http://jenkins-x-chartmuseum:8080
Successfully added Helm repository releases.
[Pipeline] sh
+ jx preview --app go-warriors --dir ../..
Creating a preview
Commit author email is empty for: 8831441f04c79d84485368ff8e546bcecf842d62
Looking for commits in: /home/jenkins/go/src/github.com/jenkinsxworkshop/go-warriors/
Found commit author match for: junibutler with email address: 38925583+junibutler@users.noreply.github.com
Created environment jenkinsxworkshop-go-warriors-pr-1
Namespace jx-jenkinsxworkshop-go-warriors-pr-1 created 
 expose:
  Annotations:
    helm.sh/hook: post-install,post-upgrade
    helm.sh/hook-delete-policy: hook-succeeded
  config:
    domain: 35.247.14.19.nip.io
    exposer: Ingress
    http: "true"
preview:
  image:
    repository: 10.3.247.93:5000/jenkinsxworkshop/go-warriors
    tag: 0.0.0-SNAPSHOT-PR-1-1
Failed to update PipelineActivities jenkinsxworkshop-go-warriors-pr-1-1: the namespace of the object (jx-jenkinsxworkshop-go-warriors-pr-1) does not match the namespace on the request (jx)
Preview application is now available at: http://go-warriors.jx-jenkinsxworkshop-go-warriors-pr-1.35.247.14.19.nip.io

[Pipeline] }
[Pipeline] // dir
[Pipeline] }
[Pipeline] // withEnv
[Pipeline] }
[Pipeline] // stage
[Pipeline] stage
[Pipeline] { (Build Release)
Stage "Build Release" skipped due to when conditional
[Pipeline] }
[Pipeline] // stage
[Pipeline] stage
[Pipeline] { (Promote to Environments)
Stage "Promote to Environments" skipped due to when conditional
[Pipeline] }
[Pipeline] // stage
[Pipeline] }
[Pipeline] // withEnv
[Pipeline] }
[Pipeline] // withCredentials
[Pipeline] }
[Pipeline] // node
[Pipeline] End of Pipeline
Finished: SUCCESS
